Wed Apr 19 14:19:33 2023
[fdsfdsfas]: user has signed up(y)
Wed Apr 19 14:19:43 2023
[fdsfdsfas]: loaded the database(y)
Wed Apr 19 14:19:47 2023
[fdsfdsfas]: started the game(y)
Wed Apr 19 14:19:49 2023
[fdsfdsfas]: is it upper body clothing?(y)
Wed Apr 19 14:19:52 2023
[fdsfdsfas]: do you wear on top of the main clothes?(n)
Wed Apr 19 14:19:54 2023
[fdsfdsfas]: does it have buttons?(y)
Wed Apr 19 14:19:54 2023
[fdsfdsfas]: does it have long sleeves?(y)
Wed Apr 19 14:19:55 2023
[fdsfdsfas]: was it created for females?(y)
Wed Apr 19 14:19:56 2023
[fdsfdsfas]: blouse(y)
Wed Apr 19 14:19:56 2023
[fdsfdsfas]: akinator got it right(y)
Wed Apr 19 14:20:02 2023
[fdsfdsfas]: finished the program(y)
Wed May 10 12:27:23 2023
[gfd]: user has signed up(y)
Wed May 10 12:27:26 2023
[gfd]: finished the program(y)
